make all --print-data-base --no-builtin-variables --no-builtin-rules --question
make: *** No rule to make target 'all'.  Stop.

# GNU Make 4.2.1
# Built for x86_64-pc-linux-gnu
# Copyright (C) 1988-2016 Free Software Foundation, Inc.
# License GPLv3+: GNU GPL version 3 or later <http://gnu.org/licenses/gpl.html>
# This is free software: you are free to change and redistribute it.
# There is NO WARRANTY, to the extent permitted by law.

# Make data base, printed on Sat Jun 11 20:43:26 2022

# Variables

# automatic
<D = $(patsubst %/,%,$(dir $<))
# environment
RUBY_VERSION = ruby-2.7.6
# automatic
?F = $(notdir $?)
# environment
GP_OPEN_EDITOR = /ide/bin/remote-cli/gitpod-code
# default
.SHELLFLAGS := -c
# environment
VSCODE_LOG_NATIVE = false
# environment
VSX_REGISTRY_URL = https://open-vsx.gitpod.io
# environment
GRADLE_HOME = /home/gitpod/.sdkman/candidates/gradle/current
# environment
rvm_path = /home/gitpod/.rvm
# environment
SUPERVISOR_ADDR = localhost:22999
# environment
SUPERVISOR_ENVVAR_OTS = https://gitpod.io/api/ots/get/20515cfd-e904-4989-8f49-a05ea38deb44
# automatic
@D = $(patsubst %/,%,$(dir $@))
# automatic
@F = $(notdir $@)
# makefile
CURDIR := /workspace/BPC
# makefile
SHELL = /bin/sh
# environment
VSCODE_NLS_CONFIG = {"locale":"en-US","availableLanguages":{}}
# environment
_ = /ide/node
# environment
GITPOD_THEIA_PORT = 23000
# automatic
?D = $(patsubst %/,%,$(dir $?))
# environment
GITPOD_ANALYTICS_WRITER = segment
# environment
GO_VERSION = 1.18.3
# environment
MAVEN_HOME = /home/gitpod/.sdkman/candidates/maven/current
# makefile (from 'Makefile', line 1)
MAKEFILE_LIST :=  Makefile
# environment
GITPOD_WORKSPACE_CONTEXT_URL = https://github.com/RedstoneWizard08/BPC
# 'override' directive
GNUMAKEFLAGS := 
# environment
VSCODE_VERBOSE_LOGGING = true
# environment
THEIA_WORKSPACE_ROOT = /workspace/BPC
# environment
INFOPATH = :/home/linuxbrew/.linuxbrew/share/info
# makefile (from 'Makefile', line 1)
CPP_OPTS := -v
# environment
LESSOPEN = | /usr/bin/lesspipe %s
# environment
GIT_EDITOR = /ide/bin/remote-cli/gitpod-code --wait
# environment
VSCODE_CWD = /ide
# default
MAKE_HOST := x86_64-pc-linux-gnu
# environment
PATH = /ide/bin/remote-cli:/home/gitpod/.nix-profile/bin:/workspace/.cargo/bin:/home/gitpod/.pyenv/plugins/pyenv-virtualenv/shims:/home/gitpod/.pyenv/shims:/workspace/go/bin:/home/gitpod/.nix-profile/bin:/home/gitpod/.nix-profile/bin:/home/gitpod/.sdkman/candidates/maven/current/bin:/home/gitpod/.sdkman/candidates/java/current/bin:/home/gitpod/.sdkman/candidates/gradle/current/bin:/workspace/.cargo/bin:/home/gitpod/.rvm/gems/ruby-2.7.6/bin:/home/gitpod/.rvm/gems/ruby-2.7.6@global/bin:/home/gitpod/.rvm/rubies/ruby-2.7.6/bin:/home/gitpod/.pyenv/plugins/pyenv-virtualenv/shims:/workspace/go/bin:/home/gitpod/.nix-profile/bin:/ide/bin/remote-cli:/home/gitpod/go/bin:/home/gitpod/go-packages/bin:/home/gitpod/.nvm/versions/node/v16.15.1/bin:/workspace/.pip-modules/bin:/home/gitpod/.pyenv/bin:/workspace/.rvm/bin:/home/gitpod/.cargo/bin:/home/linuxbrew/.linuxbrew/bin:/home/linuxbrew/.linuxbrew/sbin/:/usr/games:/usr/local/sbin:/usr/local/bin:/usr/sbin:/usr/bin:/sbin:/bin:/home/gitpod/.nvm/versions/node/v16.15.1/bin:/home/gitpod/.rvm/bin:/home/gitpod/.nvm/versions/node/v16.15.1/bin:/home/gitpod/.nvm/versions/node/v16.15.1/bin
# environment
GITPOD_OWNER_ID = 80b3d713-045f-489c-9071-631fffc42a75
# environment
GITPOD_WORKSPACE_ID = redstonewizard08-bpc-seau9amahma
# environment
GITPOD_INTERVAL = 30000
# environment
CARGO_HOME = /workspace/.cargo
# environment
rvm_stored_umask = 0022
# environment
GITPOD_WORKSPACE_CLUSTER_HOST = ws-us47.gitpod.io
# environment
GITPOD_ANALYTICS_SEGMENT_KEY = bUY8IRdJ42KjLOBS9LoIHMYFBD8rSzjU
# environment
SDKMAN_DIR = /home/gitpod/.sdkman
# environment
GITPOD_REPO_ROOTS = /workspace/BPC
# environment
SDKMAN_CANDIDATES_API = https://api.sdkman.io/2
# environment
GOPATH = /workspace/go
# environment
SDKMAN_PLATFORM = linuxx64
# environment
VSCODE_LOG_STACK = false
# environment
VSCODE_IPC_HOOK_CLI = /tmp/vscode-ipc-bca590d0-a657-41fc-9659-505d2333438b.sock
# default
.FEATURES := target-specific order-only second-expansion else-if shortest-stem undefine oneshell archives jobserver output-sync check-symlink load
# environment
NIX_VERSION = 2.6.0
# environment
LS_COLORS = 
# automatic
%F = $(notdir $%)
# environment
GP_PREVIEW_BROWSER = /ide/bin/remote-cli/gitpod-code --preview
# environment
VISUAL = /ide/bin/remote-cli/gitpod-code
# environment
NIX_SSL_CERT_FILE = /etc/ssl/certs/ca-certificates.crt
# environment
VSCODE_PIPE_LOGGING = true
# environment
rvm_bin_path = /home/gitpod/.rvm/bin
# environment
WORKSPACEKIT_WRAP_NETNS = true
# default
.LOADED := 
# environment
GEM_HOME = /home/gitpod/.rvm/gems/ruby-2.7.6
# environment
MANPATH = /home/gitpod/.nix-profile/share/man:/home/gitpod/.nix-profile/share/man:/home/gitpod/.nix-profile/share/man:/home/gitpod/.nix-profile/share/man::/home/linuxbrew/.linuxbrew/share/man
# environment
NODE_VERSION = 16.15.1
# environment
VSCODE_AMD_ENTRYPOINT = vs/workbench/api/node/extensionHostProcess
# environment
PYENV_SHELL = bash
# environment
HOME = /home/gitpod
# environment
THEIA_WEBVIEW_EXTERNAL_ENDPOINT = webview-{{hostname}}
# environment
LESSCLOSE = /usr/bin/lesspipe %s %s
# environment
APPLICATION_INSIGHTS_NO_DIAGNOSTIC_CHANNEL = true
# environment
GITPOD_CLI_APITOKEN = rRfIOM_2Z8JtlJJN.ExhbR-G5rIqPKAt
# automatic
+F = $(notdir $+)
# environment
VSCODE_HANDLES_UNCAUGHT_ERRORS = true
# automatic
^D = $(patsubst %/,%,$(dir $^))
# environment
HOSTNAME = redstonewizard08-bpc-seau9amahma
# environment
GRADLE_USER_HOME = /workspace/.gradle/
# environment
MAKELEVEL := 0
# environment
GEM_PATH = /home/gitpod/.rvm/gems/ruby-2.7.6:/home/gitpod/.rvm/gems/ruby-2.7.6@global
# environment
SDKMAN_VERSION = 5.15.0
# default
MAKE = $(MAKE_COMMAND)
# default
MAKECMDGOALS := all
# environment
IRBRC = /home/gitpod/.rvm/rubies/ruby-2.7.6/.irbrc
# environment
SHLVL = 0
# environment
NIX_PROFILES = /nix/var/nix/profiles/default /home/gitpod/.nix-profile
# environment
GITPOD_GIT_USER_NAME = Jacob Sapoznikow
# environment
JAVA_HOME = /home/gitpod/.sdkman/candidates/java/current
# default
MAKE_VERSION := 4.2.1
# environment
USER = gitpod
# makefile
.DEFAULT_GOAL := default
# environment
GOROOT = /home/gitpod/go
# environment
GITPOD_IDE_ALIAS = code
# environment
rvm_version = 1.29.12 (latest)
# automatic
%D = $(patsubst %/,%,$(dir $%))
# environment
GITPOD_REPO_ROOT = /workspace/BPC
# environment
PIP_USER = no
# environment
THEIA_RATELIMIT_LOG = 50
# environment
THEIA_MINI_BROWSER_HOST_PATTERN = browser-{{hostname}}
# environment
GITPOD_GIT_USER_EMAIL = 500074@bsd48.org
# default
MAKE_COMMAND := make
# environment
OLDPWD = /
# default
.VARIABLES := 
# automatic
*F = $(notdir $*)
# environment
GITPOD_PREVENT_METADATA_ACCESS = true
# environment
GITPOD_HOST = https://gitpod.io
# makefile
MAKEFLAGS = pqrR
# environment
MFLAGS = -pqrR
# automatic
*D = $(patsubst %/,%,$(dir $*))
# environment
NVM_DIR = /home/gitpod/.nvm
# automatic
+D = $(patsubst %/,%,$(dir $+))
# environment
rvm_user_install_flag = 1
# environment
BROWSER = /ide/bin/helpers/browser.sh
# environment
GITPOD_MEMORY = 3435
# environment
VSCODE_HANDLES_SIGPIPE = true
# default
MAKEFILES := 
# environment
GITPOD_CODE_HOST = https://gitpod.io
# environment
HOMEBREW_NO_AUTO_UPDATE = 1
# automatic
<F = $(notdir $<)
# environment
PIPENV_VENV_IN_PROJECT = true
# environment
TRIGGER_REBUILD = 1
# environment
GP_EXTERNAL_BROWSER = /ide/bin/remote-cli/gitpod-code --openExternal
# environment
SDKMAN_CANDIDATES_DIR = /home/gitpod/.sdkman/candidates
# environment
EDITOR = /ide/bin/remote-cli/gitpod-code
# environment
PWD = /workspace/BPC
# environment
LC_ALL = C
# environment
GITPOD_WORKSPACE_CONTEXT = {"isFile":false,"path":"","title":"RedstoneWizard08/BPC - main","ref":"main","refType":"branch","revision":"1da6ce0574c653a04ff97f84227a60e4ea39630c","repository":{"cloneUrl":"https://github.com/RedstoneWizard08/BPC.git","host":"github.com","name":"BPC","owner":"RedstoneWizard08","private":false},"normalizedContextURL":"https://github.com/RedstoneWizard08/BPC","checkoutLocation":"BPC"}
# environment
JAVA_TOOL_OPTIONS =  -Xmx3435m
# automatic
^F = $(notdir $^)
# environment
rvm_prefix = /home/gitpod
# default
SUFFIXES := 
# environment
APACHE_DOCROOT_IN_REPO = public
# environment
PYENV_VIRTUALENV_INIT = 1
# environment
NGINX_DOCROOT_IN_REPO = public
# default
.INCLUDE_DIRS = /usr/include /usr/local/include /usr/include
# environment
rvm_loaded_flag = 1
# environment
GITPOD_INSTANCE_ID = 0f3b6dcc-555c-4803-b007-44fc46afba2d
# environment
GITPOD_WORKSPACE_URL = https://redstonewizard08-bpc-seau9amahma.ws-us47.gitpod.io
# default
.RECIPEPREFIX := 
# environment
LANG = C
# environment
PYTHONUSERBASE = /workspace/.pip-modules
# environment
VSCODE_EXTHOST_WILL_SEND_SOCKET = true
# environment
MY_RUBY_HOME = /home/gitpod/.rvm/rubies/ruby-2.7.6
# variable set hash-table stats:
# Load=139/1024=14%, Rehash=0, Collisions=13/164=8%

# Pattern-specific Variable Values

# No pattern-specific variable values.

# Directories

# . (device 2346, inode 806046217): 16 files, no impossibilities.

# 16 files, no impossibilities in 1 directories.

# Implicit Rules

# No implicit rules.

# Files

# Not a target:
all:
#  Command line target.
#  Implicit rule search has been done.
#  File does not exist.
#  File has not been updated.

# Not a target:
Makefile:
#  Implicit rule search has been done.
#  Last modified 2022-06-11 20:38:24.317972536
#  File has been updated.
#  Successfully updated.

build: build-setup linux win finish
#  Implicit rule search has not been done.
#  Modification time never checked.
#  File has not been updated.

run-linux:
#  Implicit rule search has not been done.
#  Modification time never checked.
#  File has not been updated.
#  recipe to execute (from 'Makefile', line 86):
	@echo "----------------------------------------------------------"
	./build/bpc-linux-x86_64

default: build
#  Implicit rule search has not been done.
#  Modification time never checked.
#  File has not been updated.

# Not a target:
.DEFAULT:
#  Implicit rule search has not been done.
#  Modification time never checked.
#  File has not been updated.

win:
#  Implicit rule search has not been done.
#  Modification time never checked.
#  File has not been updated.
#  recipe to execute (from 'Makefile', line 61):
	@echo "Building windows-x86_64..." | tee -a build.log
	@x86_64-w64-mingw32-g++ $(CPP_OPTS) src/main.cpp -o build/bpc-windows-x64.exe >> build.log 2>&1
	@echo "Building windows-i686..." | tee -a build.log
	@i686-w64-mingw32-g++ $(CPP_OPTS) src/main.cpp -o build/bpc-windows-x86.exe >> build.log 2>&1

build-setup:
#  Implicit rule search has not been done.
#  Modification time never checked.
#  File has not been updated.
#  recipe to execute (from 'Makefile', line 8):
	@if [ -d "build" ]; then rm -rf build; fi
	@mkdir build

run: build run-linux
#  Implicit rule search has not been done.
#  Modification time never checked.
#  File has not been updated.

finish:
#  Implicit rule search has not been done.
#  Modification time never checked.
#  File has not been updated.
#  recipe to execute (from 'Makefile', line 68):
	@echo "Packing executables..." | tee -a build.log
	@upx --best build/bpc-linux-aarch64 build/bpc-linux-mips build/bpc-linux-mipsel \
		build/bpc-linux-ppc build/bpc-linux-ppc64 build/bpc-linux-ppc64le \
		build/bpc-windows-x64.exe build/bpc-windows-x86.exe >> build.log 2>&1
	@echo "Testing packed executables..." | tee -a build.log
	@upx -t build/bpc-linux-aarch64 build/bpc-linux-mips build/bpc-linux-mipsel \
		build/bpc-linux-ppc build/bpc-linux-ppc64 build/bpc-linux-ppc64le \
		build/bpc-windows-x64.exe build/bpc-windows-x86.exe >> build.log 2>&1
	
	@echo "Changing permissions of the files..." | tee -a build.log
	@chmod -R a+rx build >> build.log 2>&1
	@echo "Done!" | tee -a build.log

linux:
#  Implicit rule search has not been done.
#  Modification time never checked.
#  File has not been updated.
#  recipe to execute (from 'Makefile', line 12):
	@echo "Building linux-arm64..." | tee build.log
	@aarch64-linux-gnu-g++ $(CPP_OPTS) src/main.cpp -o build/bpc-linux-aarch64 >> build.log 2>&1
	@echo "Building linux-alpha..." | tee -a build.log
	@alpha-linux-gnu-g++ $(CPP_OPTS) src/main.cpp -o build/bpc-linux-alpha >> build.log 2>&1
	
	@echo "Building linux-arm..." | tee -a build.log
	@arm-linux-gnueabi-g++ $(CPP_OPTS) src/main.cpp -o build/bpc-linux-arm >> build.log 2>&1
	
	@echo "Building linux-armhf..." | tee -a build.log
	@arm-linux-gnueabihf-g++ $(CPP_OPTS) src/main.cpp -o build/bpc-linux-armhf >> build.log 2>&1
	@echo "Building linux-i686..." | tee -a build.log
	@i686-linux-gnu-g++ $(CPP_OPTS) src/main.cpp -o build/bpc-linux-i686 >> build.log 2>&1
	
	@echo "Building linux-m68k..." | tee -a build.log
	@m68k-linux-gnu-g++ $(CPP_OPTS) src/main.cpp -o build/bpc-linux-m68k >> build.log 2>&1
	
	@echo "Building linux-mips..." | tee -a build.log
	@mips-linux-gnu-g++ $(CPP_OPTS) src/main.cpp -o build/bpc-linux-mips >> build.log 2>&1
	
	@echo "Building linux-mipsel..." | tee -a build.log
	@mipsel-linux-gnu-g++ $(CPP_OPTS) src/main.cpp -o build/bpc-linux-mipsel >> build.log 2>&1
	
	@echo "Building linux-ppc..." | tee -a build.log
	@powerpc-linux-gnu-g++ $(CPP_OPTS) src/main.cpp -o build/bpc-linux-ppc >> build.log 2>&1
	
	@echo "Building linux-ppc64..." | tee -a build.log
	@powerpc64-linux-gnu-g++ $(CPP_OPTS) src/main.cpp -o build/bpc-linux-ppc64 >> build.log 2>&1
	
	@echo "Building linux-ppc64le..." | tee -a build.log
	@powerpc64le-linux-gnu-g++ $(CPP_OPTS) src/main.cpp -o build/bpc-linux-ppc64le >> build.log 2>&1
	
	@echo "Building linux-riscv64..." | tee -a build.log
	@riscv64-linux-gnu-g++ $(CPP_OPTS) src/main.cpp -o build/bpc-linux-riscv64 >> build.log 2>&1
	
	@echo "Building linux-s390x..." | tee -a build.log
	@s390x-linux-gnu-g++ $(CPP_OPTS) src/main.cpp -o build/bpc-linux-s390x >> build.log 2>&1
	
	@echo "Building linux-sh4..." | tee -a build.log
	@sh4-linux-gnu-g++ $(CPP_OPTS) src/main.cpp -o build/bpc-linux-sh4 >> build.log 2>&1
	
	@echo "Building linux-sparc64..." | tee -a build.log
	@sparc64-linux-gnu-g++ $(CPP_OPTS) src/main.cpp -o build/bpc-linux-sparc64 >> build.log 2>&1
	
	@echo "Building linux-x86_64..." | tee -a build.log
	@x86_64-linux-gnu-g++ $(CPP_OPTS) src/main.cpp -o build/bpc-linux-x86_64 >> build.log 2>&1

dev-build:
#  Implicit rule search has not been done.
#  Modification time never checked.
#  File has not been updated.
#  recipe to execute (from 'Makefile', line 90):
	g++ src/main.cpp -o bpc

# files hash-table stats:
# Load=13/1024=1%, Rehash=0, Collisions=0/36=0%
# VPATH Search Paths

# No 'vpath' search paths.

# No general ('VPATH' variable) search path.

# strcache buffers: 1 (0) / strings = 29 / storage = 246 B / avg = 8 B
# current buf: size = 8162 B / used = 246 B / count = 29 / avg = 8 B

# strcache performance: lookups = 50 / hit rate = 42%
# hash-table stats:
# Load=29/8192=0%, Rehash=0, Collisions=1/50=2%
# Finished Make data base on Sat Jun 11 20:43:26 2022

 
